<?xml version="1.0" encoding="UTF-8"?>
<!-- Generated by org.testng.reporters.JUnitReportReporter -->
<testsuite hostname="KTV-2022-186" failures="0" tests="1" name="TestlinkTest" time="1.190" errors="0" timestamp="2024-02-26T17:24:22 ICT" skipped="0">
  <testcase classname="TestlinkTest" name="test" time="1.190"/>
</testsuite> <!-- TestlinkTest -->
